0 info it worked if it ends with ok
1 verbose cli [ '/usr/local/bin/node', '/usr/local/bin/npm', 'i' ]
2 info using npm@1.1.65
3 info using node@v0.8.14
4 verbose read json /home/supersym/projects/docpad/plugins/docpad-plugin-knowledge/package.json
5 verbose readDependencies using package.json deps
6 verbose install where, deps [ '/home/supersym/projects/docpad/plugins/docpad-plugin-knowledge',
6 verbose install   [ 'docpad', 'node-freebase' ] ]
7 verbose from cache /home/supersym/projects/docpad/plugins/docpad-plugin-knowledge/package.json
8 info preinstall docpad-plugin-knowledge@1.0.0
9 verbose from cache /home/supersym/projects/docpad/plugins/docpad-plugin-knowledge/package.json
10 verbose readDependencies using package.json deps
11 verbose cache add [ 'docpad@latest', null ]
12 silly cache add name=undefined spec="docpad@latest" args=["docpad@latest",null]
13 verbose parsed url { pathname: 'docpad@latest',
13 verbose parsed url   path: 'docpad@latest',
13 verbose parsed url   href: 'docpad@latest' }
14 silly cache add name="docpad" spec="latest" args=["docpad","latest"]
15 verbose parsed url { pathname: 'latest', path: 'latest', href: 'latest' }
16 verbose addNamed [ 'docpad', 'latest' ]
17 verbose addNamed [ null, null ]
18 verbose cache add [ 'node-freebase@latest', null ]
19 silly cache add name=undefined spec="node-freebase@latest" args=["node-freebase@latest",null]
20 verbose parsed url { pathname: 'node-freebase@latest',
20 verbose parsed url   path: 'node-freebase@latest',
20 verbose parsed url   href: 'node-freebase@latest' }
21 silly cache add name="node-freebase" spec="latest" args=["node-freebase","latest"]
22 verbose parsed url { pathname: 'latest', path: 'latest', href: 'latest' }
23 verbose addNamed [ 'node-freebase', 'latest' ]
24 verbose addNamed [ null, null ]
25 silly lockFile 8be347bd-docpad-latest docpad@latest
26 verbose lock docpad@latest /home/supersym/.npm/8be347bd-docpad-latest.lock
27 silly lockFile 184f5b60-node-freebase-latest node-freebase@latest
28 verbose lock node-freebase@latest /home/supersym/.npm/184f5b60-node-freebase-latest.lock
29 info addNameTag [ 'docpad', 'latest' ]
30 info addNameTag [ 'node-freebase', 'latest' ]
31 verbose url raw node-freebase
32 verbose url resolving [ 'https://registry.npmjs.org/', './node-freebase' ]
33 verbose url resolved https://registry.npmjs.org/node-freebase
34 info trying registry request attempt 1 at 06:05:52
35 http GET https://registry.npmjs.org/node-freebase
36 verbose url raw docpad
37 verbose url resolving [ 'https://registry.npmjs.org/', './docpad' ]
38 verbose url resolved https://registry.npmjs.org/docpad
39 info trying registry request attempt 1 at 06:05:52
40 verbose etag "6B17Q1HPGYYFTDGD2ZVYDLN0W"
41 http GET https://registry.npmjs.org/docpad
42 http 404 https://registry.npmjs.org/node-freebase
43 silly registry.get cb [ 404,
43 silly registry.get   { server: 'CouchDB/1.2.0 (Erlang OTP/R15B)',
43 silly registry.get     date: 'Thu, 03 Jan 2013 05:04:39 GMT',
43 silly registry.get     'content-type': 'application/json',
43 silly registry.get     'content-length': '52',
43 silly registry.get     'cache-control': 'must-revalidate' } ]
44 silly lockFile 184f5b60-node-freebase-latest node-freebase@latest
45 error 404 'node-freebase' is not in the npm registry.
45 error 404 You should bug the author to publish it
45 error 404
45 error 404 Maybe try 'npm search freebase'
45 error 404
45 error 404 Note that you can also install from a
45 error 404 tarball, folder, or http url, or git url.
46 error System Linux 3.7.1-3-ck
47 error command "/usr/local/bin/node" "/usr/local/bin/npm" "i"
48 error cwd /home/supersym/projects/docpad/plugins/docpad-plugin-knowledge
49 error node -v v0.8.14
50 error npm -v 1.1.65
51 error code E404
52 verbose exit [ 1, true ]
